Using pre-set license
Built from '2020.3/release' branch; Version is '2020.3.12f1 (b3b2c6512326) revision 11776710'; Using compiler version '192528614'; Build Type 'Release'
OS: 'Windows 10 Home; OS build 19043.1110; Version 2009; 64bit' Language: 'en' Physical Memory: 8126 MB
BatchMode: 1, IsHumanControllingUs: 0, StartBugReporterOnCrash: 0, Is64bit: 1, IsPro: 0

 COMMAND LINE ARGUMENTS:
C:\Program Files\Unity\Hub\Editor\2020.3.12f1\Editor\Unity.exe
-adb2
-batchMode
-noUpm
-name
AssetImportWorker0
-projectPath
C:/Unity Projects/Unity-Endless-Runner
-logFile
Logs/AssetImportWorker0.log
-srvPort
61116
Successfully changed project path to: C:/Unity Projects/Unity-Endless-Runner
C:/Unity Projects/Unity-Endless-Runner
Using Asset Import Pipeline V2.
Refreshing native plugins compatible for Editor in 44.95 ms, found 5 plugins.
Preloading 0 native plugins for Editor in 0.00 ms.
Initialize engine version: 2020.3.12f1 (b3b2c6512326)
[Subsystems] Discovering subsystems at path C:/Program Files/Unity/Hub/Editor/2020.3.12f1/Editor/Data/Resources/UnitySubsystems
[Subsystems] Discovering subsystems at path C:/Unity Projects/Unity-Endless-Runner/Assets
GfxDevice: creating device client; threaded=0
Direct3D:
    Version:  Direct3D 11.0 [level 11.1]
    Renderer: NVIDIA GeForce GTX 1080 (ID=0x1b80)
    Vendor:   
    VRAM:     8079 MB
    Driver:   30.0.14.7111
Initialize mono
Mono path[0] = 'C:/Program Files/Unity/Hub/Editor/2020.3.12f1/Editor/Data/Managed'
Mono path[1] = 'C:/Program Files/Unity/Hub/Editor/2020.3.12f1/Editor/Data/MonoBleedingEdge/lib/mono/unityjit'
Mono config path = 'C:/Program Files/Unity/Hub/Editor/2020.3.12f1/Editor/Data/MonoBleedingEdge/etc'
Using monoOptions --debugger-agent=transport=dt_socket,embedding=1,server=y,suspend=n,address=127.0.0.1:56280
Begin MonoManager ReloadAssembly
Registering precompiled unity dll's ...
Register platform support module: C:/Program Files/Unity/Hub/Editor/2020.3.12f1/Editor/Data/PlaybackEngines/WebGLSupport/UnityEditor.WebGL.Extensions.dll
Register platform support module: C:/Program Files/Unity/Hub/Editor/2020.3.12f1/Editor/Data/PlaybackEngines/WindowsStandaloneSupport/UnityEditor.WindowsStandalone.Extensions.dll
Registered in 0.002884 seconds.
Native extension for WindowsStandalone target not found
Native extension for WebGL target not found
Refreshing native plugins compatible for Editor in 38.46 ms, found 5 plugins.
Preloading 0 native plugins for Editor in 0.00 ms.
Mono: successfully reloaded assembly
- Completed reload, in  2.521 seconds
Platform modules already initialized, skipping
Registering precompiled user dll's ...
Registered in 0.149612 seconds.
Begin MonoManager ReloadAssembly
Native extension for WindowsStandalone target not found
Native extension for WebGL target not found
Refreshing native plugins compatible for Editor in 0.61 ms, found 5 plugins.
Preloading 0 native plugins for Editor in 0.00 ms.
Mono: successfully reloaded assembly
- Completed reload, in  1.474 seconds
Platform modules already initialized, skipping
========================================================================
Worker process is ready to serve import requests
Launched and connected shader compiler UnityShaderCompiler.exe after 0.29 seconds
Refreshing native plugins compatible for Editor in 0.48 ms, found 5 plugins.
Preloading 0 native plugins for Editor in 0.00 ms.
Unloading 1653 Unused Serialized files (Serialized files now loaded: 0)
System memory in use before: 78.8 MB.
System memory in use after: 78.8 MB.

Unloading 26 unused Assets to reduce memory usage. Loaded Objects now: 2079.
Total: 3.079300 ms (FindLiveObjects: 0.301900 ms CreateObjectMapping: 0.195200 ms MarkObjects: 2.461600 ms  DeleteObjects: 0.119400 ms)

AssetImportParameters requested are different than current active one (requested -> active):
  custom:framework-win-MediaFoundation: 216162199b28c13a410421893ffa2e32 -> 
  custom:video-decoder-ogg-theora: a1e56fd34408186e4bbccfd4996cb3dc -> 
  custom:container-muxer-webm: aa71ff27fc2769a1b78a27578f13a17b -> 
  custom:container-demuxer-webm: 4f35f7cbe854078d1ac9338744f61a02 -> 
  custom:container-demuxer-ogg: 62fdf1f143b41e24485cea50d1cbac27 -> 
  custom:video-encoder-webm-vp8: eb34c28f22e8b96e1ab97ce403110664 -> 
  custom:video-decoder-webm-vp8: 9c59270c3fd7afecdb556c50c9e8de78 -> 
  custom:audio-decoder-ogg-vorbis: bf7c407c2cedff20999df2af8eb42d56 -> 
  custom:audio-encoder-webm-vorbis: bf7c407c2cedff20999df2af8eb42d56 -> 
========================================================================
Received Import Request.
  path: Assets/Path Tiles/Simple Grass Road Tile.prefab
  artifactKey: Guid(988faffc3dffa514ab120796c41b70ff) Importer(815301076,1909f56bfc062723c751e8b465ee728b)
Start importing Assets/Path Tiles/Simple Grass Road Tile.prefab using Guid(988faffc3dffa514ab120796c41b70ff) Importer(815301076,1909f56bfc062723c751e8b465ee728b)  -> (artifact id: '1f7bc97d3938ef08320e4f6189dee16e') in 0.314372 seconds 
  Import took 0.318227 seconds .

========================================================================
Received Import Request.
  Time since last request: 0.000442 seconds.
  path: Assets/Path Tiles/Blank Grass Tile.prefab
  artifactKey: Guid(8d6af22473dde5d4aa564b019a4cc69d) Importer(815301076,1909f56bfc062723c751e8b465ee728b)
Start importing Assets/Path Tiles/Blank Grass Tile.prefab using Guid(8d6af22473dde5d4aa564b019a4cc69d) Importer(815301076,1909f56bfc062723c751e8b465ee728b)  -> (artifact id: '46cdc228ca9b023c8bfe57a88a753dcc') in 0.054891 seconds 
  Import took 0.058597 seconds .

========================================================================
Received Import Request.
  Time since last request: 0.000283 seconds.
  path: Assets/Path Tiles/Left Tree Grass Tile.prefab
  artifactKey: Guid(5312bebeb143bb3448c8d515e42c7465) Importer(815301076,1909f56bfc062723c751e8b465ee728b)
Start importing Assets/Path Tiles/Left Tree Grass Tile.prefab using Guid(5312bebeb143bb3448c8d515e42c7465) Importer(815301076,1909f56bfc062723c751e8b465ee728b)  -> (artifact id: '0fc76b3afefca1943867f99c36638770') in 0.020718 seconds 
  Import took 0.025417 seconds .

========================================================================
Received Import Request.
  Time since last request: 12.060241 seconds.
  path: Assets/Path Tiles/Left Tree Grass Tile.prefab
  artifactKey: Guid(5312bebeb143bb3448c8d515e42c7465) Importer(815301076,1909f56bfc062723c751e8b465ee728b)
Start importing Assets/Path Tiles/Left Tree Grass Tile.prefab using Guid(5312bebeb143bb3448c8d515e42c7465) Importer(815301076,1909f56bfc062723c751e8b465ee728b)  -> (artifact id: '6681091396bca2bd2c2b3d083ba7487f') in 0.015095 seconds 
  Import took 0.018763 seconds .

========================================================================
Received Import Request.
  Time since last request: 11.578357 seconds.
  path: Assets/Path Tiles/Left Tree Grass Tile.prefab
  artifactKey: Guid(5312bebeb143bb3448c8d515e42c7465) Importer(815301076,1909f56bfc062723c751e8b465ee728b)
Start importing Assets/Path Tiles/Left Tree Grass Tile.prefab using Guid(5312bebeb143bb3448c8d515e42c7465) Importer(815301076,1909f56bfc062723c751e8b465ee728b)  -> (artifact id: '4a075e0c68f075d77bc53475f69010d0') in 0.012960 seconds 
  Import took 0.017068 seconds .

========================================================================
Received Import Request.
  Time since last request: 0.006439 seconds.
  path: Assets/Path Tiles/Left Tree Grass Tile.prefab
  artifactKey: Guid(5312bebeb143bb3448c8d515e42c7465) Importer(815301076,1909f56bfc062723c751e8b465ee728b)
Start importing Assets/Path Tiles/Left Tree Grass Tile.prefab using Guid(5312bebeb143bb3448c8d515e42c7465) Importer(815301076,1909f56bfc062723c751e8b465ee728b)  -> (artifact id: '4a075e0c68f075d77bc53475f69010d0') in 0.013787 seconds 
  Import took 0.018361 seconds .

========================================================================
Received Import Request.
  Time since last request: 25.560916 seconds.
  path: Assets/Path Tiles/Left Tree Grass Tile.prefab
  artifactKey: Guid(5312bebeb143bb3448c8d515e42c7465) Importer(815301076,1909f56bfc062723c751e8b465ee728b)
Start importing Assets/Path Tiles/Left Tree Grass Tile.prefab using Guid(5312bebeb143bb3448c8d515e42c7465) Importer(815301076,1909f56bfc062723c751e8b465ee728b)  -> (artifact id: 'c5f9313bff29c53a1deddff25a7ab514') in 0.019534 seconds 
  Import took 0.024830 seconds .

========================================================================
Received Import Request.
  Time since last request: 3.076789 seconds.
  path: Assets/Path Tiles/Blank Grass Tile.prefab
  artifactKey: Guid(8d6af22473dde5d4aa564b019a4cc69d) Importer(815301076,1909f56bfc062723c751e8b465ee728b)
Start importing Assets/Path Tiles/Blank Grass Tile.prefab using Guid(8d6af22473dde5d4aa564b019a4cc69d) Importer(815301076,1909f56bfc062723c751e8b465ee728b)  -> (artifact id: '36227442b46da24a097f838fabd28dc1') in 0.014611 seconds 
  Import took 0.019272 seconds .

========================================================================
Received Import Request.
  Time since last request: 0.000245 seconds.
  path: Assets/Path Tiles/Simple Grass Road Tile.prefab
  artifactKey: Guid(988faffc3dffa514ab120796c41b70ff) Importer(815301076,1909f56bfc062723c751e8b465ee728b)
Start importing Assets/Path Tiles/Simple Grass Road Tile.prefab using Guid(988faffc3dffa514ab120796c41b70ff) Importer(815301076,1909f56bfc062723c751e8b465ee728b)  -> (artifact id: 'bc9945e6b02e4913cbc0758b067e4bb2') in 0.022591 seconds 
  Import took 0.026465 seconds .

========================================================================
Received Import Request.
  Time since last request: 0.000724 seconds.
  path: Assets/Path Tiles/Simple Grass Road Tile.prefab
  artifactKey: Guid(988faffc3dffa514ab120796c41b70ff) Importer(815301076,1909f56bfc062723c751e8b465ee728b)
Start importing Assets/Path Tiles/Simple Grass Road Tile.prefab using Guid(988faffc3dffa514ab120796c41b70ff) Importer(815301076,1909f56bfc062723c751e8b465ee728b)  -> (artifact id: 'bc9945e6b02e4913cbc0758b067e4bb2') in 0.020733 seconds 
  Import took 0.025254 seconds .

========================================================================
Received Import Request.
  Time since last request: 36.754136 seconds.
  path: Assets/Path Tiles/Left Tree Grass Tile V1.prefab
  artifactKey: Guid(5312bebeb143bb3448c8d515e42c7465) Importer(815301076,1909f56bfc062723c751e8b465ee728b)
Start importing Assets/Path Tiles/Left Tree Grass Tile V1.prefab using Guid(5312bebeb143bb3448c8d515e42c7465) Importer(815301076,1909f56bfc062723c751e8b465ee728b)  -> (artifact id: '7d4ae1c6ff107df63ca80facc2d78ca3') in 0.019669 seconds 
  Import took 0.023250 seconds .

========================================================================
Received Import Request.
  Time since last request: 0.001960 seconds.
  path: Assets/Path Tiles/Left Tree Grass Tile V1.prefab
  artifactKey: Guid(5312bebeb143bb3448c8d515e42c7465) Importer(815301076,1909f56bfc062723c751e8b465ee728b)
Start importing Assets/Path Tiles/Left Tree Grass Tile V1.prefab using Guid(5312bebeb143bb3448c8d515e42c7465) Importer(815301076,1909f56bfc062723c751e8b465ee728b)  -> (artifact id: '7d4ae1c6ff107df63ca80facc2d78ca3') in 0.015780 seconds 
  Import took 0.020742 seconds .

========================================================================
Received Import Request.
  Time since last request: 71.869413 seconds.
  path: Assets/Path Tiles/Left Tree Grass Tile V2.prefab
  artifactKey: Guid(2e946b98a47c82b419540ae7b2975f34) Importer(815301076,1909f56bfc062723c751e8b465ee728b)
Start importing Assets/Path Tiles/Left Tree Grass Tile V2.prefab using Guid(2e946b98a47c82b419540ae7b2975f34) Importer(815301076,1909f56bfc062723c751e8b465ee728b)  -> (artifact id: '84987bd8125987002e15b70386955f51') in 0.017965 seconds 
  Import took 0.022470 seconds .

========================================================================
Received Import Request.
  Time since last request: 295.024563 seconds.
  path: Assets/Path Tiles/Left Tree Grass Tile V3.prefab
  artifactKey: Guid(a31f12136ab68fb47816edc86ab0ce78) Importer(815301076,1909f56bfc062723c751e8b465ee728b)
Start importing Assets/Path Tiles/Left Tree Grass Tile V3.prefab using Guid(a31f12136ab68fb47816edc86ab0ce78) Importer(815301076,1909f56bfc062723c751e8b465ee728b)  -> (artifact id: '447a1232b46e688b174b1d4d004ab17f') in 0.022435 seconds 
  Import took 0.027304 seconds .

========================================================================
Received Import Request.
  Time since last request: 0.018388 seconds.
  path: Assets/Path Tiles/Left Tree Grass Tile V3.prefab
  artifactKey: Guid(a31f12136ab68fb47816edc86ab0ce78) Importer(815301076,1909f56bfc062723c751e8b465ee728b)
Start importing Assets/Path Tiles/Left Tree Grass Tile V3.prefab using Guid(a31f12136ab68fb47816edc86ab0ce78) Importer(815301076,1909f56bfc062723c751e8b465ee728b)  -> (artifact id: '447a1232b46e688b174b1d4d004ab17f') in 0.015201 seconds 
  Import took 0.020713 seconds .

========================================================================
Received Import Request.
  Time since last request: 321.394530 seconds.
  path: Assets/Path Tiles/Blank Grass Tile V1.prefab
  artifactKey: Guid(e09ead3692f6fba47ae47f52da8b943f) Importer(815301076,1909f56bfc062723c751e8b465ee728b)
Start importing Assets/Path Tiles/Blank Grass Tile V1.prefab using Guid(e09ead3692f6fba47ae47f52da8b943f) Importer(815301076,1909f56bfc062723c751e8b465ee728b)  -> (artifact id: '9f4389707b5dd524c80b217bb38ac6cc') in 0.022475 seconds 
  Import took 0.027098 seconds .

========================================================================
Received Import Request.
  Time since last request: 0.015303 seconds.
  path: Assets/Path Tiles/Blank Grass Tile V1.prefab
  artifactKey: Guid(e09ead3692f6fba47ae47f52da8b943f) Importer(815301076,1909f56bfc062723c751e8b465ee728b)
Start importing Assets/Path Tiles/Blank Grass Tile V1.prefab using Guid(e09ead3692f6fba47ae47f52da8b943f) Importer(815301076,1909f56bfc062723c751e8b465ee728b)  -> (artifact id: '9f4389707b5dd524c80b217bb38ac6cc') in 0.014000 seconds 
  Import took 0.018472 seconds .

========================================================================
Received Import Request.
  Time since last request: 32.413125 seconds.
  path: Assets/Path Tiles/Grass Tile V1.prefab
  artifactKey: Guid(e09ead3692f6fba47ae47f52da8b943f) Importer(815301076,1909f56bfc062723c751e8b465ee728b)
Start importing Assets/Path Tiles/Grass Tile V1.prefab using Guid(e09ead3692f6fba47ae47f52da8b943f) Importer(815301076,1909f56bfc062723c751e8b465ee728b)  -> (artifact id: 'd2e2ac6c2fd8c4e44a89f7ec400e9d5e') in 0.020963 seconds 
  Import took 0.025873 seconds .

========================================================================
Received Import Request.
  Time since last request: 0.000687 seconds.
  path: Assets/Path Tiles/Grass Tile V1.prefab
  artifactKey: Guid(e09ead3692f6fba47ae47f52da8b943f) Importer(815301076,1909f56bfc062723c751e8b465ee728b)
Start importing Assets/Path Tiles/Grass Tile V1.prefab using Guid(e09ead3692f6fba47ae47f52da8b943f) Importer(815301076,1909f56bfc062723c751e8b465ee728b)  -> (artifact id: 'd2e2ac6c2fd8c4e44a89f7ec400e9d5e') in 0.012648 seconds 
  Import took 0.016200 seconds .

========================================================================
Received Import Request.
  Time since last request: 155.506543 seconds.
  path: Assets/Path Tiles/Grass Tile V2.prefab
  artifactKey: Guid(1dffa49fd06bcdc429d623c8ab8291d4) Importer(815301076,1909f56bfc062723c751e8b465ee728b)
Start importing Assets/Path Tiles/Grass Tile V2.prefab using Guid(1dffa49fd06bcdc429d623c8ab8291d4) Importer(815301076,1909f56bfc062723c751e8b465ee728b)  -> (artifact id: '6289c334484bb83264256f6f9e65a082') in 0.028846 seconds 
  Import took 0.033301 seconds .

========================================================================
Received Import Request.
  Time since last request: 0.003274 seconds.
  path: Assets/Path Tiles/Grass Tile V2.prefab
  artifactKey: Guid(1dffa49fd06bcdc429d623c8ab8291d4) Importer(815301076,1909f56bfc062723c751e8b465ee728b)
Start importing Assets/Path Tiles/Grass Tile V2.prefab using Guid(1dffa49fd06bcdc429d623c8ab8291d4) Importer(815301076,1909f56bfc062723c751e8b465ee728b)  -> (artifact id: '6289c334484bb83264256f6f9e65a082') in 0.012180 seconds 
  Import took 0.016701 seconds .

========================================================================
Received Import Request.
  Time since last request: 54.422311 seconds.
  path: Assets/Path Tiles/Grass Tile V3.prefab
  artifactKey: Guid(22689ac1ee67a76498719a519f10922a) Importer(815301076,1909f56bfc062723c751e8b465ee728b)
Start importing Assets/Path Tiles/Grass Tile V3.prefab using Guid(22689ac1ee67a76498719a519f10922a) Importer(815301076,1909f56bfc062723c751e8b465ee728b)  -> (artifact id: 'ee572dbb056a2bf4be12e4453e4d4fd1') in 0.019049 seconds 
  Import took 0.023806 seconds .

========================================================================
Received Import Request.
  Time since last request: 0.012872 seconds.
  path: Assets/Path Tiles/Grass Tile V3.prefab
  artifactKey: Guid(22689ac1ee67a76498719a519f10922a) Importer(815301076,1909f56bfc062723c751e8b465ee728b)
Start importing Assets/Path Tiles/Grass Tile V3.prefab using Guid(22689ac1ee67a76498719a519f10922a) Importer(815301076,1909f56bfc062723c751e8b465ee728b)  -> (artifact id: 'ee572dbb056a2bf4be12e4453e4d4fd1') in 0.016505 seconds 
  Import took 0.020552 seconds .

========================================================================
Received Import Request.
  Time since last request: 176.950455 seconds.
  path: Assets/Path Tiles/Left Rock Grass Tile V1.prefab
  artifactKey: Guid(93ba35bade9d8ce4d95d71fae1733bfc) Importer(815301076,1909f56bfc062723c751e8b465ee728b)
Start importing Assets/Path Tiles/Left Rock Grass Tile V1.prefab using Guid(93ba35bade9d8ce4d95d71fae1733bfc) Importer(815301076,1909f56bfc062723c751e8b465ee728b)  -> (artifact id: '6979d6d6791e0578227a3292e4600460') in 0.021214 seconds 
  Import took 0.026264 seconds .

========================================================================
Received Import Request.
  Time since last request: 0.009212 seconds.
  path: Assets/Path Tiles/Left Rock Grass Tile V1.prefab
  artifactKey: Guid(93ba35bade9d8ce4d95d71fae1733bfc) Importer(815301076,1909f56bfc062723c751e8b465ee728b)
Start importing Assets/Path Tiles/Left Rock Grass Tile V1.prefab using Guid(93ba35bade9d8ce4d95d71fae1733bfc) Importer(815301076,1909f56bfc062723c751e8b465ee728b)  -> (artifact id: '6979d6d6791e0578227a3292e4600460') in 0.014214 seconds 
  Import took 0.019640 seconds .

========================================================================
Received Import Request.
  Time since last request: 87.158442 seconds.
  path: Assets/Path Tiles/Center Rock Grass Tile V1.prefab
  artifactKey: Guid(12be6a27abc18954e9697f333cf7b205) Importer(815301076,1909f56bfc062723c751e8b465ee728b)
Start importing Assets/Path Tiles/Center Rock Grass Tile V1.prefab using Guid(12be6a27abc18954e9697f333cf7b205) Importer(815301076,1909f56bfc062723c751e8b465ee728b)  -> (artifact id: 'ceabd3f57cf5f57f4194b37a9cc43104') in 0.021198 seconds 
  Import took 0.026263 seconds .

========================================================================
Received Import Request.
  Time since last request: 0.011257 seconds.
  path: Assets/Path Tiles/Center Rock Grass Tile V1.prefab
  artifactKey: Guid(12be6a27abc18954e9697f333cf7b205) Importer(815301076,1909f56bfc062723c751e8b465ee728b)
Start importing Assets/Path Tiles/Center Rock Grass Tile V1.prefab using Guid(12be6a27abc18954e9697f333cf7b205) Importer(815301076,1909f56bfc062723c751e8b465ee728b)  -> (artifact id: 'ceabd3f57cf5f57f4194b37a9cc43104') in 0.013436 seconds 
  Import took 0.017642 seconds .

========================================================================
Received Import Request.
  Time since last request: 81.475581 seconds.
  path: Assets/Path Tiles/Right Rock Grass Tile V1.prefab
  artifactKey: Guid(88c9276a5f43d1b4eb31d352d73ae206) Importer(815301076,1909f56bfc062723c751e8b465ee728b)
Start importing Assets/Path Tiles/Right Rock Grass Tile V1.prefab using Guid(88c9276a5f43d1b4eb31d352d73ae206) Importer(815301076,1909f56bfc062723c751e8b465ee728b)  -> (artifact id: '19ac3d86cd3cec5c87be35bc63e15f0e') in 0.021868 seconds 
  Import took 0.026652 seconds .

========================================================================
Received Import Request.
  Time since last request: 0.009025 seconds.
  path: Assets/Path Tiles/Right Rock Grass Tile V1.prefab
  artifactKey: Guid(88c9276a5f43d1b4eb31d352d73ae206) Importer(815301076,1909f56bfc062723c751e8b465ee728b)
Start importing Assets/Path Tiles/Right Rock Grass Tile V1.prefab using Guid(88c9276a5f43d1b4eb31d352d73ae206) Importer(815301076,1909f56bfc062723c751e8b465ee728b)  -> (artifact id: '19ac3d86cd3cec5c87be35bc63e15f0e') in 0.018809 seconds 
  Import took 0.023330 seconds .

========================================================================
Received Import Request.
  Time since last request: 26.740256 seconds.
  path: Assets/Path Tiles/Single Row Tiles
  artifactKey: Guid(7593d1d93312ae3498b6d551a23c1eaa) Importer(815301076,1909f56bfc062723c751e8b465ee728b)
Start importing Assets/Path Tiles/Single Row Tiles using Guid(7593d1d93312ae3498b6d551a23c1eaa) Importer(815301076,1909f56bfc062723c751e8b465ee728b)  -> (artifact id: 'fbe57a01a4450f564ddeb72d01509f4b') in 0.010748 seconds 
  Import took 0.014538 seconds .

========================================================================
Received Import Request.
  Time since last request: 2350.183103 seconds.
  path: Assets/Path Tiles/Single Row Tiles/Left Tree Grass Tile V2.prefab
  artifactKey: Guid(2e946b98a47c82b419540ae7b2975f34) Importer(815301076,1909f56bfc062723c751e8b465ee728b)
Start importing Assets/Path Tiles/Single Row Tiles/Left Tree Grass Tile V2.prefab using Guid(2e946b98a47c82b419540ae7b2975f34) Importer(815301076,1909f56bfc062723c751e8b465ee728b)  -> (artifact id: 'ca6b17d30e831b614bfebe14a9de3eeb') in 0.034180 seconds 
  Import took 0.039372 seconds .

========================================================================
Received Import Request.
  Time since last request: 125.212472 seconds.
  path: Assets/Path Tiles/Single Row Tiles/Left Tree Grass Tile V3 1.prefab
  artifactKey: Guid(3991b2f2c2de4b94c9fff5f4e6866bed) Importer(815301076,1909f56bfc062723c751e8b465ee728b)
Start importing Assets/Path Tiles/Single Row Tiles/Left Tree Grass Tile V3 1.prefab using Guid(3991b2f2c2de4b94c9fff5f4e6866bed) Importer(815301076,1909f56bfc062723c751e8b465ee728b)  -> (artifact id: 'ae072f4545264c88f8b0fc17ce4faf6b') in 0.021958 seconds 
  Import took 0.027078 seconds .

========================================================================
Received Import Request.
  Time since last request: 0.009548 seconds.
  path: Assets/Path Tiles/Single Row Tiles/Left Tree Grass Tile V3 1.prefab
  artifactKey: Guid(3991b2f2c2de4b94c9fff5f4e6866bed) Importer(815301076,1909f56bfc062723c751e8b465ee728b)
Start importing Assets/Path Tiles/Single Row Tiles/Left Tree Grass Tile V3 1.prefab using Guid(3991b2f2c2de4b94c9fff5f4e6866bed) Importer(815301076,1909f56bfc062723c751e8b465ee728b)  -> (artifact id: 'ae072f4545264c88f8b0fc17ce4faf6b') in 0.018234 seconds 
  Import took 0.022053 seconds .

========================================================================
Received Import Request.
  Time since last request: 13.427498 seconds.
  path: Assets/Path Tiles/Single Row Tiles/Center Tree Grass Tile V1.prefab
  artifactKey: Guid(2e946b98a47c82b419540ae7b2975f34) Importer(815301076,1909f56bfc062723c751e8b465ee728b)
Start importing Assets/Path Tiles/Single Row Tiles/Center Tree Grass Tile V1.prefab using Guid(2e946b98a47c82b419540ae7b2975f34) Importer(815301076,1909f56bfc062723c751e8b465ee728b)  -> (artifact id: 'a0bc3513394d040755cbc9375c0c47be') in 0.021923 seconds 
  Import took 0.026609 seconds .

========================================================================
Received Import Request.
  Time since last request: 0.001476 seconds.
  path: Assets/Path Tiles/Single Row Tiles/Center Tree Grass Tile V1.prefab
  artifactKey: Guid(2e946b98a47c82b419540ae7b2975f34) Importer(815301076,1909f56bfc062723c751e8b465ee728b)
Start importing Assets/Path Tiles/Single Row Tiles/Center Tree Grass Tile V1.prefab using Guid(2e946b98a47c82b419540ae7b2975f34) Importer(815301076,1909f56bfc062723c751e8b465ee728b)  -> (artifact id: 'a0bc3513394d040755cbc9375c0c47be') in 0.017158 seconds 
  Import took 0.021274 seconds .

========================================================================
Received Import Request.
  Time since last request: 13.414820 seconds.
  path: Assets/Path Tiles/Single Row Tiles/Right Tree Grass Tile V1.prefab
  artifactKey: Guid(3991b2f2c2de4b94c9fff5f4e6866bed) Importer(815301076,1909f56bfc062723c751e8b465ee728b)
Start importing Assets/Path Tiles/Single Row Tiles/Right Tree Grass Tile V1.prefab using Guid(3991b2f2c2de4b94c9fff5f4e6866bed) Importer(815301076,1909f56bfc062723c751e8b465ee728b)  -> (artifact id: 'cd5e2642c73c3bb993818d19021a150c') in 0.018486 seconds 
  Import took 0.022909 seconds .

========================================================================
Received Import Request.
  Time since last request: 0.003713 seconds.
  path: Assets/Path Tiles/Single Row Tiles/Right Tree Grass Tile V1.prefab
  artifactKey: Guid(3991b2f2c2de4b94c9fff5f4e6866bed) Importer(815301076,1909f56bfc062723c751e8b465ee728b)
Start importing Assets/Path Tiles/Single Row Tiles/Right Tree Grass Tile V1.prefab using Guid(3991b2f2c2de4b94c9fff5f4e6866bed) Importer(815301076,1909f56bfc062723c751e8b465ee728b)  -> (artifact id: 'cd5e2642c73c3bb993818d19021a150c') in 0.017106 seconds 
  Import took 0.021768 seconds .

========================================================================
Received Import Request.
  Time since last request: 46.987921 seconds.
  path: Assets/Path Tiles/Single Row Tiles/Left Bush Grass Tile V1.prefab
  artifactKey: Guid(e09ead3692f6fba47ae47f52da8b943f) Importer(815301076,1909f56bfc062723c751e8b465ee728b)
Start importing Assets/Path Tiles/Single Row Tiles/Left Bush Grass Tile V1.prefab using Guid(e09ead3692f6fba47ae47f52da8b943f) Importer(815301076,1909f56bfc062723c751e8b465ee728b)  -> (artifact id: '6444413ebf59dfc2c536a897b4f44337') in 0.021264 seconds 
  Import took 0.025564 seconds .

========================================================================
Received Import Request.
  Time since last request: 0.004442 seconds.
  path: Assets/Path Tiles/Single Row Tiles/Left Bush Grass Tile V1.prefab
  artifactKey: Guid(e09ead3692f6fba47ae47f52da8b943f) Importer(815301076,1909f56bfc062723c751e8b465ee728b)
Start importing Assets/Path Tiles/Single Row Tiles/Left Bush Grass Tile V1.prefab using Guid(e09ead3692f6fba47ae47f52da8b943f) Importer(815301076,1909f56bfc062723c751e8b465ee728b)  -> (artifact id: '6444413ebf59dfc2c536a897b4f44337') in 0.015658 seconds 
  Import took 0.020873 seconds .

========================================================================
Received Import Request.
  Time since last request: 13.830967 seconds.
  path: Assets/Path Tiles/Single Row Tiles/Center Bush Grass Tile V1.prefab
  artifactKey: Guid(1dffa49fd06bcdc429d623c8ab8291d4) Importer(815301076,1909f56bfc062723c751e8b465ee728b)
Start importing Assets/Path Tiles/Single Row Tiles/Center Bush Grass Tile V1.prefab using Guid(1dffa49fd06bcdc429d623c8ab8291d4) Importer(815301076,1909f56bfc062723c751e8b465ee728b)  -> (artifact id: '689a4b4b70b8d3da82133d95d7330f2a') in 0.026735 seconds 
  Import took 0.031847 seconds .

========================================================================
Received Import Request.
  Time since last request: 14.638250 seconds.
  path: Assets/Path Tiles/Single Row Tiles/Right Bush Grass Tile V1.prefab
  artifactKey: Guid(22689ac1ee67a76498719a519f10922a) Importer(815301076,1909f56bfc062723c751e8b465ee728b)
Start importing Assets/Path Tiles/Single Row Tiles/Right Bush Grass Tile V1.prefab using Guid(22689ac1ee67a76498719a519f10922a) Importer(815301076,1909f56bfc062723c751e8b465ee728b)  -> (artifact id: '64f92563e7301ddb0d0dd59d78301294') in 0.020382 seconds 
  Import took 0.024445 seconds .

========================================================================
Received Import Request.
  Time since last request: 0.003828 seconds.
  path: Assets/Path Tiles/Single Row Tiles/Right Bush Grass Tile V1.prefab
  artifactKey: Guid(22689ac1ee67a76498719a519f10922a) Importer(815301076,1909f56bfc062723c751e8b465ee728b)
Start importing Assets/Path Tiles/Single Row Tiles/Right Bush Grass Tile V1.prefab using Guid(22689ac1ee67a76498719a519f10922a) Importer(815301076,1909f56bfc062723c751e8b465ee728b)  -> (artifact id: '64f92563e7301ddb0d0dd59d78301294') in 0.017808 seconds 
  Import took 0.023554 seconds .

========================================================================
Received Import Request.
  Time since last request: 58.659883 seconds.
  path: Assets/Path Tiles/Single Row Tiles/Left Tree Grass Tile V3 1.prefab
  artifactKey: Guid(e7f4ef04ec8c71442bcf34c558f681bb) Importer(815301076,1909f56bfc062723c751e8b465ee728b)
Start importing Assets/Path Tiles/Single Row Tiles/Left Tree Grass Tile V3 1.prefab using Guid(e7f4ef04ec8c71442bcf34c558f681bb) Importer(815301076,1909f56bfc062723c751e8b465ee728b)  -> (artifact id: '1d43b1329822e16e1a5d9309036cdc70') in 0.018997 seconds 
  Import took 0.023006 seconds .

========================================================================
Received Import Request.
  Time since last request: 0.016563 seconds.
  path: Assets/Path Tiles/Single Row Tiles/Left Tree Grass Tile V3 1.prefab
  artifactKey: Guid(e7f4ef04ec8c71442bcf34c558f681bb) Importer(815301076,1909f56bfc062723c751e8b465ee728b)
Start importing Assets/Path Tiles/Single Row Tiles/Left Tree Grass Tile V3 1.prefab using Guid(e7f4ef04ec8c71442bcf34c558f681bb) Importer(815301076,1909f56bfc062723c751e8b465ee728b)  -> (artifact id: '1d43b1329822e16e1a5d9309036cdc70') in 0.013468 seconds 
  Import took 0.018760 seconds .

========================================================================
Received Import Request.
  Time since last request: 13.062641 seconds.
  path: Assets/Path Tiles/Single Row Tiles/Center Tree Grass Tile V3 1.prefab
  artifactKey: Guid(e7f4ef04ec8c71442bcf34c558f681bb) Importer(815301076,1909f56bfc062723c751e8b465ee728b)
Start importing Assets/Path Tiles/Single Row Tiles/Center Tree Grass Tile V3 1.prefab using Guid(e7f4ef04ec8c71442bcf34c558f681bb) Importer(815301076,1909f56bfc062723c751e8b465ee728b)  -> (artifact id: '5f3156cdeeef6a0db708003a4510087d') in 0.025693 seconds 
  Import took 0.030006 seconds .

========================================================================
Received Import Request.
  Time since last request: 48.777949 seconds.
  path: Assets/Path Tiles/Single Row Tiles/Right Tree Grass Tile V2.prefab
  artifactKey: Guid(5197ae5a7c6c26c48a459201580a6fd8) Importer(815301076,1909f56bfc062723c751e8b465ee728b)
Start importing Assets/Path Tiles/Single Row Tiles/Right Tree Grass Tile V2.prefab using Guid(5197ae5a7c6c26c48a459201580a6fd8) Importer(815301076,1909f56bfc062723c751e8b465ee728b)  -> (artifact id: 'fd659f35ab1df950a00a87edf216a3a4') in 0.020649 seconds 
  Import took 0.024384 seconds .

========================================================================
Received Import Request.
  Time since last request: 0.014382 seconds.
  path: Assets/Path Tiles/Single Row Tiles/Right Tree Grass Tile V2.prefab
  artifactKey: Guid(5197ae5a7c6c26c48a459201580a6fd8) Importer(815301076,1909f56bfc062723c751e8b465ee728b)
Start importing Assets/Path Tiles/Single Row Tiles/Right Tree Grass Tile V2.prefab using Guid(5197ae5a7c6c26c48a459201580a6fd8) Importer(815301076,1909f56bfc062723c751e8b465ee728b)  -> (artifact id: 'fd659f35ab1df950a00a87edf216a3a4') in 0.012650 seconds 
  Import took 0.016598 seconds .

========================================================================
Received Import Request.
  Time since last request: 13.476086 seconds.
  path: Assets/Path Tiles/Single Row Tiles/Left Tree Grass Tile V2.prefab
  artifactKey: Guid(a31f12136ab68fb47816edc86ab0ce78) Importer(815301076,1909f56bfc062723c751e8b465ee728b)
Start importing Assets/Path Tiles/Single Row Tiles/Left Tree Grass Tile V2.prefab using Guid(a31f12136ab68fb47816edc86ab0ce78) Importer(815301076,1909f56bfc062723c751e8b465ee728b)  -> (artifact id: '0f963a3438fb0a2198fa00447b9892ec') in 0.012930 seconds 
  Import took 0.016638 seconds .

========================================================================
Received Import Request.
  Time since last request: 0.007582 seconds.
  path: Assets/Path Tiles/Single Row Tiles/Left Tree Grass Tile V2.prefab
  artifactKey: Guid(a31f12136ab68fb47816edc86ab0ce78) Importer(815301076,1909f56bfc062723c751e8b465ee728b)
Start importing Assets/Path Tiles/Single Row Tiles/Left Tree Grass Tile V2.prefab using Guid(a31f12136ab68fb47816edc86ab0ce78) Importer(815301076,1909f56bfc062723c751e8b465ee728b)  -> (artifact id: '0f963a3438fb0a2198fa00447b9892ec') in 0.012646 seconds 
  Import took 0.016496 seconds .

========================================================================
Received Import Request.
  Time since last request: 8.360935 seconds.
  path: Assets/Path Tiles/Single Row Tiles/Center Tree Grass Tile V2.prefab
  artifactKey: Guid(e7f4ef04ec8c71442bcf34c558f681bb) Importer(815301076,1909f56bfc062723c751e8b465ee728b)
Start importing Assets/Path Tiles/Single Row Tiles/Center Tree Grass Tile V2.prefab using Guid(e7f4ef04ec8c71442bcf34c558f681bb) Importer(815301076,1909f56bfc062723c751e8b465ee728b)  -> (artifact id: 'c24a28a321ddf348cfe31c7c2e22ed0d') in 0.024691 seconds 
  Import took 0.028587 seconds .

========================================================================
Received Import Request.
  Time since last request: 200.432210 seconds.
  path: Assets/Path Tiles/Single Row Tiles/Left Rock Grass Tile V2.prefab
  artifactKey: Guid(dcdf02dea38250a45b4913edc597507b) Importer(815301076,1909f56bfc062723c751e8b465ee728b)
Start importing Assets/Path Tiles/Single Row Tiles/Left Rock Grass Tile V2.prefab using Guid(dcdf02dea38250a45b4913edc597507b) Importer(815301076,1909f56bfc062723c751e8b465ee728b)  -> (artifact id: 'b0135b9520235b620e87dcf7955096fa') in 0.022349 seconds 
  Import took 0.027218 seconds .

========================================================================
Received Import Request.
  Time since last request: 0.007448 seconds.
  path: Assets/Path Tiles/Single Row Tiles/Left Rock Grass Tile V2.prefab
  artifactKey: Guid(dcdf02dea38250a45b4913edc597507b) Importer(815301076,1909f56bfc062723c751e8b465ee728b)
Start importing Assets/Path Tiles/Single Row Tiles/Left Rock Grass Tile V2.prefab using Guid(dcdf02dea38250a45b4913edc597507b) Importer(815301076,1909f56bfc062723c751e8b465ee728b)  -> (artifact id: 'b0135b9520235b620e87dcf7955096fa') in 0.013436 seconds 
  Import took 0.018503 seconds .

========================================================================
Received Prepare
Registering precompiled user dll's ...
Registered in 0.005669 seconds.
Begin MonoManager ReloadAssembly
Native extension for WindowsStandalone target not found
Native extension for WebGL target not found
Refreshing native plugins compatible for Editor in 0.61 ms, found 5 plugins.
Preloading 0 native plugins for Editor in 0.00 ms.
Mono: successfully reloaded assembly
- Completed reload, in  1.265 seconds
Platform modules already initialized, skipping
Switching build target platform(19) subTarget(0) extendedPlatform(0) -> platform(13) subTarget(537395200) extendedPlatform(0)
Refreshing native plugins compatible for Editor in 0.47 ms, found 5 plugins.
Preloading 0 native plugins for Editor in 0.00 ms.
Unloading 1618 Unused Serialized files (Serialized files now loaded: 0)
System memory in use before: 78.0 MB.
System memory in use after: 78.1 MB.

Unloading 21 unused Assets to reduce memory usage. Loaded Objects now: 2089.
Total: 3.029500 ms (FindLiveObjects: 0.254400 ms CreateObjectMapping: 0.125100 ms MarkObjects: 2.556100 ms  DeleteObjects: 0.092600 ms)

AssetImportParameters requested are different than current active one (requested -> active):
  custom:framework-win-MediaFoundation: 216162199b28c13a410421893ffa2e32 -> 
  custom:video-decoder-ogg-theora: a1e56fd34408186e4bbccfd4996cb3dc -> 
  custom:container-muxer-webm: aa71ff27fc2769a1b78a27578f13a17b -> 
  custom:container-demuxer-webm: 4f35f7cbe854078d1ac9338744f61a02 -> 
  custom:container-demuxer-ogg: 62fdf1f143b41e24485cea50d1cbac27 -> 
  custom:video-encoder-webm-vp8: eb34c28f22e8b96e1ab97ce403110664 -> 
  custom:video-decoder-webm-vp8: 9c59270c3fd7afecdb556c50c9e8de78 -> 
  custom:graphics/normal-map-encoding: 01000000000000000000000000000000 -> 02000000000000000000000000000000
  custom:audio-decoder-ogg-vorbis: bf7c407c2cedff20999df2af8eb42d56 -> 
  custom:audio-encoder-webm-vorbis: bf7c407c2cedff20999df2af8eb42d56 -> 
========================================================================
Received Import Request.
  Time since last request: 286.399922 seconds.
  path: Assets/Path Tiles/Single Row Tiles/Center Rock Grass Tile V2.prefab
  artifactKey: Guid(df8281aa7fefbd249a4b5f588c3ceec0) Importer(815301076,1909f56bfc062723c751e8b465ee728b)
Start importing Assets/Path Tiles/Single Row Tiles/Center Rock Grass Tile V2.prefab using Guid(df8281aa7fefbd249a4b5f588c3ceec0) Importer(815301076,1909f56bfc062723c751e8b465ee728b)  -> (artifact id: '4e22bc8df042187816c43cf68912dbe4') in 0.093467 seconds 
  Import took 0.097167 seconds .

========================================================================
Received Import Request.
  Time since last request: 85.630749 seconds.
  path: Assets/Path Tiles/Single Row Tiles/Right Rock Grass Tile V2.prefab
  artifactKey: Guid(b26b180d26a13ee48bf71e57b04449f9) Importer(815301076,1909f56bfc062723c751e8b465ee728b)
Start importing Assets/Path Tiles/Single Row Tiles/Right Rock Grass Tile V2.prefab using Guid(b26b180d26a13ee48bf71e57b04449f9) Importer(815301076,1909f56bfc062723c751e8b465ee728b)  -> (artifact id: 'cc39c3f0600599aa78fd791e79bb6f8b') in 0.029749 seconds 
  Import took 0.034946 seconds .

========================================================================
Received Import Request.
  Time since last request: 0.005343 seconds.
  path: Assets/Path Tiles/Single Row Tiles/Right Rock Grass Tile V2.prefab
  artifactKey: Guid(b26b180d26a13ee48bf71e57b04449f9) Importer(815301076,1909f56bfc062723c751e8b465ee728b)
Start importing Assets/Path Tiles/Single Row Tiles/Right Rock Grass Tile V2.prefab using Guid(b26b180d26a13ee48bf71e57b04449f9) Importer(815301076,1909f56bfc062723c751e8b465ee728b)  -> (artifact id: 'cc39c3f0600599aa78fd791e79bb6f8b') in 0.013201 seconds 
  Import took 0.017858 seconds .

========================================================================
Received Import Request.
  Time since last request: 30.000871 seconds.
  path: Assets/Path Tiles/Blank Grass Tile Variant.prefab
  artifactKey: Guid(0ec8921b6ad57954c89dcb30086c4d59) Importer(815301076,1909f56bfc062723c751e8b465ee728b)
Start importing Assets/Path Tiles/Blank Grass Tile Variant.prefab using Guid(0ec8921b6ad57954c89dcb30086c4d59) Importer(815301076,1909f56bfc062723c751e8b465ee728b)  -> (artifact id: 'aa0193306868799d77798f9fb496e2a5') in 0.031739 seconds 
  Import took 0.035774 seconds .

========================================================================
Received Import Request.
  Time since last request: 7.664829 seconds.
  path: Assets/Path Tiles/Blank Grass Tile Variant 1.prefab
  artifactKey: Guid(6360f7790ec480543b18432dac81778b) Importer(815301076,1909f56bfc062723c751e8b465ee728b)
Start importing Assets/Path Tiles/Blank Grass Tile Variant 1.prefab using Guid(6360f7790ec480543b18432dac81778b) Importer(815301076,1909f56bfc062723c751e8b465ee728b)  -> (artifact id: 'a5cd162fea42d9784311a1e58bfee1ac') in 0.025374 seconds 
  Import took 0.030619 seconds .

========================================================================
Received Import Request.
  Time since last request: 0.007128 seconds.
  path: Assets/Path Tiles/Blank Grass Tile Variant 1.prefab
  artifactKey: Guid(6360f7790ec480543b18432dac81778b) Importer(815301076,1909f56bfc062723c751e8b465ee728b)
Start importing Assets/Path Tiles/Blank Grass Tile Variant 1.prefab using Guid(6360f7790ec480543b18432dac81778b) Importer(815301076,1909f56bfc062723c751e8b465ee728b)  -> (artifact id: 'a5cd162fea42d9784311a1e58bfee1ac') in 0.013336 seconds 
  Import took 0.017914 seconds .

========================================================================
Received Import Request.
  Time since last request: 2.831321 seconds.
  path: Assets/Path Tiles/Blank Grass Tile Variant 2.prefab
  artifactKey: Guid(be9ccf57a65f7ce47b52e7e773389499) Importer(815301076,1909f56bfc062723c751e8b465ee728b)
Start importing Assets/Path Tiles/Blank Grass Tile Variant 2.prefab using Guid(be9ccf57a65f7ce47b52e7e773389499) Importer(815301076,1909f56bfc062723c751e8b465ee728b)  -> (artifact id: '6e87d45d8dec743e41873d4bc791459b') in 0.030752 seconds 
  Import took 0.036180 seconds .

========================================================================
Received Import Request.
  Time since last request: 14.881220 seconds.
  path: Assets/Path Tiles/Blank Grass Tile Variant 3.prefab
  artifactKey: Guid(46da197ebc359154bb7127eccf3c9d72) Importer(815301076,1909f56bfc062723c751e8b465ee728b)
Start importing Assets/Path Tiles/Blank Grass Tile Variant 3.prefab using Guid(46da197ebc359154bb7127eccf3c9d72) Importer(815301076,1909f56bfc062723c751e8b465ee728b)  -> (artifact id: '9896643afc51c588eedc38813805582a') in 0.032864 seconds 
  Import took 0.038031 seconds .

========================================================================
Received Import Request.
  Time since last request: 0.010469 seconds.
  path: Assets/Path Tiles/Blank Grass Tile Variant 3.prefab
  artifactKey: Guid(46da197ebc359154bb7127eccf3c9d72) Importer(815301076,1909f56bfc062723c751e8b465ee728b)
Start importing Assets/Path Tiles/Blank Grass Tile Variant 3.prefab using Guid(46da197ebc359154bb7127eccf3c9d72) Importer(815301076,1909f56bfc062723c751e8b465ee728b)  -> (artifact id: '9896643afc51c588eedc38813805582a') in 0.022085 seconds 
  Import took 0.025968 seconds .

========================================================================
Received Import Request.
  Time since last request: 50.632627 seconds.
  path: Assets/Path Tiles/Single Row Tiles/Blank Grass Tile Variant 1.prefab
  artifactKey: Guid(6360f7790ec480543b18432dac81778b) Importer(815301076,1909f56bfc062723c751e8b465ee728b)
Start importing Assets/Path Tiles/Single Row Tiles/Blank Grass Tile Variant 1.prefab using Guid(6360f7790ec480543b18432dac81778b) Importer(815301076,1909f56bfc062723c751e8b465ee728b)  -> (artifact id: '4e8e4f12cf7ca0b1214c4fc45d83850b') in 0.005469 seconds 
  Import took 0.009808 seconds .

========================================================================
Received Import Request.
  Time since last request: 0.000269 seconds.
  path: Assets/Path Tiles/Single Row Tiles/Blank Grass Tile Variant 3.prefab
  artifactKey: Guid(46da197ebc359154bb7127eccf3c9d72) Importer(815301076,1909f56bfc062723c751e8b465ee728b)
Start importing Assets/Path Tiles/Single Row Tiles/Blank Grass Tile Variant 3.prefab using Guid(46da197ebc359154bb7127eccf3c9d72) Importer(815301076,1909f56bfc062723c751e8b465ee728b)  -> (artifact id: '2899ca7d3932ffa06a26ff6188c9e5aa') in 0.007533 seconds 
  Import took 0.012038 seconds .

========================================================================
Received Import Request.
  Time since last request: 0.000237 seconds.
  path: Assets/Path Tiles/Single Row Tiles/Blank Grass Tile Variant 2.prefab
  artifactKey: Guid(be9ccf57a65f7ce47b52e7e773389499) Importer(815301076,1909f56bfc062723c751e8b465ee728b)
Start importing Assets/Path Tiles/Single Row Tiles/Blank Grass Tile Variant 2.prefab using Guid(be9ccf57a65f7ce47b52e7e773389499) Importer(815301076,1909f56bfc062723c751e8b465ee728b)  -> (artifact id: 'e0f9944dafdbb6bd5b14536ca32ce393') in 0.009846 seconds 
  Import took 0.013201 seconds .

========================================================================
Received Import Request.
  Time since last request: 55.837361 seconds.
  path: Assets/Path Tiles/Blank Grass Tile Variant 3.prefab
  artifactKey: Guid(46da197ebc359154bb7127eccf3c9d72) Importer(815301076,1909f56bfc062723c751e8b465ee728b)
Start importing Assets/Path Tiles/Blank Grass Tile Variant 3.prefab using Guid(46da197ebc359154bb7127eccf3c9d72) Importer(815301076,1909f56bfc062723c751e8b465ee728b)  -> (artifact id: 'b25db437c9b824c73cdcb83294eb48a8') in 0.005301 seconds 
  Import took 0.010022 seconds .

========================================================================
Received Import Request.
  Time since last request: 32.736848 seconds.
  path: Assets/Path Tiles/Blank Grass Tile Variant.prefab
  artifactKey: Guid(76a140ff6ef3cec4d9572948846546c7) Importer(815301076,1909f56bfc062723c751e8b465ee728b)
Start importing Assets/Path Tiles/Blank Grass Tile Variant.prefab using Guid(76a140ff6ef3cec4d9572948846546c7) Importer(815301076,1909f56bfc062723c751e8b465ee728b)  -> (artifact id: '7f7eba1138954f08b6afc3e47eb83bf5') in 0.030663 seconds 
  Import took 0.035329 seconds .

========================================================================
Received Import Request.
  Time since last request: 144.148103 seconds.
  path: Assets/Scripts/TileGeneration.cs
  artifactKey: Guid(55f7dcbc7fcc66b40b85ed3a309b2fa2) Importer(815301076,1909f56bfc062723c751e8b465ee728b)
Start importing Assets/Scripts/TileGeneration.cs using Guid(55f7dcbc7fcc66b40b85ed3a309b2fa2) Importer(815301076,1909f56bfc062723c751e8b465ee728b)  -> (artifact id: '94c8acd156ce901044d0863af60b6a20') in 0.043486 seconds 
  Import took 0.047697 seconds .

========================================================================
Received Prepare
Registering precompiled user dll's ...
Registered in 0.007118 seconds.
Begin MonoManager ReloadAssembly
Native extension for WindowsStandalone target not found
Native extension for WebGL target not found
Refreshing native plugins compatible for Editor in 0.51 ms, found 5 plugins.
Preloading 0 native plugins for Editor in 0.00 ms.
Mono: successfully reloaded assembly
- Completed reload, in  1.044 seconds
Platform modules already initialized, skipping
Switching build target platform(19) subTarget(0) extendedPlatform(0) -> platform(13) subTarget(537395200) extendedPlatform(0)
Refreshing native plugins compatible for Editor in 0.50 ms, found 5 plugins.
Preloading 0 native plugins for Editor in 0.00 ms.
Unloading 1618 Unused Serialized files (Serialized files now loaded: 0)
System memory in use before: 78.1 MB.
System memory in use after: 78.2 MB.

Unloading 21 unused Assets to reduce memory usage. Loaded Objects now: 2093.
Total: 2.948500 ms (FindLiveObjects: 0.307100 ms CreateObjectMapping: 0.166400 ms MarkObjects: 2.392100 ms  DeleteObjects: 0.082000 ms)

AssetImportParameters requested are different than current active one (requested -> active):
  custom:framework-win-MediaFoundation: 216162199b28c13a410421893ffa2e32 -> 
  custom:video-decoder-ogg-theora: a1e56fd34408186e4bbccfd4996cb3dc -> 
  custom:container-muxer-webm: aa71ff27fc2769a1b78a27578f13a17b -> 
  custom:container-demuxer-webm: 4f35f7cbe854078d1ac9338744f61a02 -> 
  custom:container-demuxer-ogg: 62fdf1f143b41e24485cea50d1cbac27 -> 
  custom:video-encoder-webm-vp8: eb34c28f22e8b96e1ab97ce403110664 -> 
  custom:video-decoder-webm-vp8: 9c59270c3fd7afecdb556c50c9e8de78 -> 
  custom:graphics/normal-map-encoding: 01000000000000000000000000000000 -> 02000000000000000000000000000000
  custom:audio-decoder-ogg-vorbis: bf7c407c2cedff20999df2af8eb42d56 -> 
  custom:audio-encoder-webm-vorbis: bf7c407c2cedff20999df2af8eb42d56 -> 
========================================================================
Received Prepare
Registering precompiled user dll's ...
Registered in 0.006879 seconds.
Begin MonoManager ReloadAssembly
Native extension for WindowsStandalone target not found
Native extension for WebGL target not found
Refreshing native plugins compatible for Editor in 0.50 ms, found 5 plugins.
Preloading 0 native plugins for Editor in 0.00 ms.
Mono: successfully reloaded assembly
- Completed reload, in  1.086 seconds
Platform modules already initialized, skipping
Switching build target platform(19) subTarget(0) extendedPlatform(0) -> platform(13) subTarget(537395200) extendedPlatform(0)
Refreshing native plugins compatible for Editor in 0.76 ms, found 5 plugins.
Preloading 0 native plugins for Editor in 0.00 ms.
Unloading 1618 Unused Serialized files (Serialized files now loaded: 0)
System memory in use before: 78.1 MB.
System memory in use after: 78.2 MB.

Unloading 21 unused Assets to reduce memory usage. Loaded Objects now: 2096.
Total: 2.563500 ms (FindLiveObjects: 0.224000 ms CreateObjectMapping: 0.125700 ms MarkObjects: 2.138000 ms  DeleteObjects: 0.074600 ms)

AssetImportParameters requested are different than current active one (requested -> active):
  custom:framework-win-MediaFoundation: 216162199b28c13a410421893ffa2e32 -> 
  custom:video-decoder-ogg-theora: a1e56fd34408186e4bbccfd4996cb3dc -> 
  custom:container-muxer-webm: aa71ff27fc2769a1b78a27578f13a17b -> 
  custom:container-demuxer-webm: 4f35f7cbe854078d1ac9338744f61a02 -> 
  custom:container-demuxer-ogg: 62fdf1f143b41e24485cea50d1cbac27 -> 
  custom:video-encoder-webm-vp8: eb34c28f22e8b96e1ab97ce403110664 -> 
  custom:video-decoder-webm-vp8: 9c59270c3fd7afecdb556c50c9e8de78 -> 
  custom:graphics/normal-map-encoding: 01000000000000000000000000000000 -> 02000000000000000000000000000000
  custom:audio-decoder-ogg-vorbis: bf7c407c2cedff20999df2af8eb42d56 -> 
  custom:audio-encoder-webm-vorbis: bf7c407c2cedff20999df2af8eb42d56 -> 
========================================================================
Received Prepare
Registering precompiled user dll's ...
Registered in 0.071002 seconds.
Begin MonoManager ReloadAssembly
Native extension for WindowsStandalone target not found
Native extension for WebGL target not found
Refreshing native plugins compatible for Editor in 0.61 ms, found 5 plugins.
Preloading 0 native plugins for Editor in 0.00 ms.
Mono: successfully reloaded assembly
- Completed reload, in  1.341 seconds
Platform modules already initialized, skipping
Switching build target platform(19) subTarget(0) extendedPlatform(0) -> platform(13) subTarget(537395200) extendedPlatform(0)
Refreshing native plugins compatible for Editor in 0.48 ms, found 5 plugins.
Preloading 0 native plugins for Editor in 0.00 ms.
Unloading 1618 Unused Serialized files (Serialized files now loaded: 0)
System memory in use before: 78.1 MB.
System memory in use after: 78.2 MB.

Unloading 21 unused Assets to reduce memory usage. Loaded Objects now: 2099.
Total: 2.603300 ms (FindLiveObjects: 0.259900 ms CreateObjectMapping: 0.124100 ms MarkObjects: 2.141700 ms  DeleteObjects: 0.076400 ms)

AssetImportParameters requested are different than current active one (requested -> active):
  custom:framework-win-MediaFoundation: 216162199b28c13a410421893ffa2e32 -> 
  custom:video-decoder-ogg-theora: a1e56fd34408186e4bbccfd4996cb3dc -> 
  custom:container-muxer-webm: aa71ff27fc2769a1b78a27578f13a17b -> 
  custom:container-demuxer-webm: 4f35f7cbe854078d1ac9338744f61a02 -> 
  custom:container-demuxer-ogg: 62fdf1f143b41e24485cea50d1cbac27 -> 
  custom:video-encoder-webm-vp8: eb34c28f22e8b96e1ab97ce403110664 -> 
  custom:video-decoder-webm-vp8: 9c59270c3fd7afecdb556c50c9e8de78 -> 
  custom:graphics/normal-map-encoding: 01000000000000000000000000000000 -> 02000000000000000000000000000000
  custom:audio-decoder-ogg-vorbis: bf7c407c2cedff20999df2af8eb42d56 -> 
  custom:audio-encoder-webm-vorbis: bf7c407c2cedff20999df2af8eb42d56 -> 
========================================================================
Received Prepare
Registering precompiled user dll's ...
Registered in 0.004951 seconds.
Begin MonoManager ReloadAssembly
Native extension for WindowsStandalone target not found
Native extension for WebGL target not found
Refreshing native plugins compatible for Editor in 0.50 ms, found 5 plugins.
Preloading 0 native plugins for Editor in 0.00 ms.
Mono: successfully reloaded assembly
- Completed reload, in  1.083 seconds
Platform modules already initialized, skipping
Switching build target platform(19) subTarget(0) extendedPlatform(0) -> platform(13) subTarget(537395200) extendedPlatform(0)
Refreshing native plugins compatible for Editor in 0.50 ms, found 5 plugins.
Preloading 0 native plugins for Editor in 0.00 ms.
Unloading 1618 Unused Serialized files (Serialized files now loaded: 0)
System memory in use before: 78.1 MB.
System memory in use after: 78.2 MB.

Unloading 21 unused Assets to reduce memory usage. Loaded Objects now: 2102.
Total: 2.896600 ms (FindLiveObjects: 0.226100 ms CreateObjectMapping: 0.116800 ms MarkObjects: 2.476100 ms  DeleteObjects: 0.076300 ms)

AssetImportParameters requested are different than current active one (requested -> active):
  custom:framework-win-MediaFoundation: 216162199b28c13a410421893ffa2e32 -> 
  custom:video-decoder-ogg-theora: a1e56fd34408186e4bbccfd4996cb3dc -> 
  custom:container-muxer-webm: aa71ff27fc2769a1b78a27578f13a17b -> 
  custom:container-demuxer-webm: 4f35f7cbe854078d1ac9338744f61a02 -> 
  custom:container-demuxer-ogg: 62fdf1f143b41e24485cea50d1cbac27 -> 
  custom:video-encoder-webm-vp8: eb34c28f22e8b96e1ab97ce403110664 -> 
  custom:video-decoder-webm-vp8: 9c59270c3fd7afecdb556c50c9e8de78 -> 
  custom:graphics/normal-map-encoding: 01000000000000000000000000000000 -> 02000000000000000000000000000000
  custom:audio-decoder-ogg-vorbis: bf7c407c2cedff20999df2af8eb42d56 -> 
  custom:audio-encoder-webm-vorbis: bf7c407c2cedff20999df2af8eb42d56 -> 
========================================================================
Received Prepare
Registering precompiled user dll's ...
Registered in 0.005925 seconds.
Begin MonoManager ReloadAssembly
Native extension for WindowsStandalone target not found
Native extension for WebGL target not found
Refreshing native plugins compatible for Editor in 0.48 ms, found 5 plugins.
Preloading 0 native plugins for Editor in 0.00 ms.
Mono: successfully reloaded assembly
- Completed reload, in  1.085 seconds
Platform modules already initialized, skipping
Switching build target platform(19) subTarget(0) extendedPlatform(0) -> platform(13) subTarget(537395200) extendedPlatform(0)
Refreshing native plugins compatible for Editor in 0.69 ms, found 5 plugins.
Preloading 0 native plugins for Editor in 0.00 ms.
Unloading 1618 Unused Serialized files (Serialized files now loaded: 0)
System memory in use before: 78.1 MB.
System memory in use after: 78.2 MB.

Unloading 21 unused Assets to reduce memory usage. Loaded Objects now: 2105.
Total: 3.836600 ms (FindLiveObjects: 0.271300 ms CreateObjectMapping: 0.166600 ms MarkObjects: 3.301200 ms  DeleteObjects: 0.095600 ms)

AssetImportParameters requested are different than current active one (requested -> active):
  custom:framework-win-MediaFoundation: 216162199b28c13a410421893ffa2e32 -> 
  custom:video-decoder-ogg-theora: a1e56fd34408186e4bbccfd4996cb3dc -> 
  custom:container-muxer-webm: aa71ff27fc2769a1b78a27578f13a17b -> 
  custom:container-demuxer-webm: 4f35f7cbe854078d1ac9338744f61a02 -> 
  custom:container-demuxer-ogg: 62fdf1f143b41e24485cea50d1cbac27 -> 
  custom:video-encoder-webm-vp8: eb34c28f22e8b96e1ab97ce403110664 -> 
  custom:video-decoder-webm-vp8: 9c59270c3fd7afecdb556c50c9e8de78 -> 
  custom:graphics/normal-map-encoding: 01000000000000000000000000000000 -> 02000000000000000000000000000000
  custom:audio-decoder-ogg-vorbis: bf7c407c2cedff20999df2af8eb42d56 -> 
  custom:audio-encoder-webm-vorbis: bf7c407c2cedff20999df2af8eb42d56 -> 
========================================================================
Received Prepare
Refreshing native plugins compatible for Editor in 5.59 ms, found 5 plugins.
Preloading 0 native plugins for Editor in 0.00 ms.
Unloading 19 Unused Serialized files (Serialized files now loaded: 0)
System memory in use before: 47.3 MB.
System memory in use after: 47.4 MB.

Unloading 19 unused Assets to reduce memory usage. Loaded Objects now: 2105.
Total: 4.359000 ms (FindLiveObjects: 0.444400 ms CreateObjectMapping: 0.192700 ms MarkObjects: 3.627900 ms  DeleteObjects: 0.092400 ms)

AssetImportParameters requested are different than current active one (requested -> active):
  custom:framework-win-MediaFoundation: 216162199b28c13a410421893ffa2e32 -> 
  custom:video-decoder-ogg-theora: a1e56fd34408186e4bbccfd4996cb3dc -> 
  custom:container-muxer-webm: aa71ff27fc2769a1b78a27578f13a17b -> 
  custom:container-demuxer-webm: 4f35f7cbe854078d1ac9338744f61a02 -> 
  custom:container-demuxer-ogg: 62fdf1f143b41e24485cea50d1cbac27 -> 
  custom:video-encoder-webm-vp8: eb34c28f22e8b96e1ab97ce403110664 -> 
  custom:video-decoder-webm-vp8: 9c59270c3fd7afecdb556c50c9e8de78 -> 
  custom:audio-decoder-ogg-vorbis: bf7c407c2cedff20999df2af8eb42d56 -> 
  custom:audio-encoder-webm-vorbis: bf7c407c2cedff20999df2af8eb42d56 -> 
========================================================================
Received Prepare
Registering precompiled user dll's ...
Registered in 0.067751 seconds.
Begin MonoManager ReloadAssembly
Native extension for WindowsStandalone target not found
Native extension for WebGL target not found
Refreshing native plugins compatible for Editor in 0.49 ms, found 5 plugins.
Preloading 0 native plugins for Editor in 0.00 ms.
Mono: successfully reloaded assembly
- Completed reload, in  1.414 seconds
Platform modules already initialized, skipping
Switching build target platform(19) subTarget(0) extendedPlatform(0) -> platform(13) subTarget(537395200) extendedPlatform(0)
Refreshing native plugins compatible for Editor in 0.76 ms, found 5 plugins.
Preloading 0 native plugins for Editor in 0.00 ms.
Unloading 1618 Unused Serialized files (Serialized files now loaded: 0)
System memory in use before: 78.1 MB.
System memory in use after: 78.2 MB.

Unloading 21 unused Assets to reduce memory usage. Loaded Objects now: 2108.
Total: 4.262300 ms (FindLiveObjects: 0.318400 ms CreateObjectMapping: 0.176900 ms MarkObjects: 3.651400 ms  DeleteObjects: 0.113700 ms)

AssetImportParameters requested are different than current active one (requested -> active):
  custom:framework-win-MediaFoundation: 216162199b28c13a410421893ffa2e32 -> 
  custom:video-decoder-ogg-theora: a1e56fd34408186e4bbccfd4996cb3dc -> 
  custom:container-muxer-webm: aa71ff27fc2769a1b78a27578f13a17b -> 
  custom:container-demuxer-webm: 4f35f7cbe854078d1ac9338744f61a02 -> 
  custom:container-demuxer-ogg: 62fdf1f143b41e24485cea50d1cbac27 -> 
  custom:video-encoder-webm-vp8: eb34c28f22e8b96e1ab97ce403110664 -> 
  custom:video-decoder-webm-vp8: 9c59270c3fd7afecdb556c50c9e8de78 -> 
  custom:graphics/normal-map-encoding: 01000000000000000000000000000000 -> 02000000000000000000000000000000
  custom:audio-decoder-ogg-vorbis: bf7c407c2cedff20999df2af8eb42d56 -> 
  custom:audio-encoder-webm-vorbis: bf7c407c2cedff20999df2af8eb42d56 -> 
========================================================================
Received Prepare
Registering precompiled user dll's ...
Registered in 0.005171 seconds.
Begin MonoManager ReloadAssembly
Native extension for WindowsStandalone target not found
Native extension for WebGL target not found
Refreshing native plugins compatible for Editor in 0.49 ms, found 5 plugins.
Preloading 0 native plugins for Editor in 0.00 ms.
Mono: successfully reloaded assembly
- Completed reload, in  1.157 seconds
Platform modules already initialized, skipping
Switching build target platform(19) subTarget(0) extendedPlatform(0) -> platform(13) subTarget(537395200) extendedPlatform(0)
Refreshing native plugins compatible for Editor in 0.50 ms, found 5 plugins.
Preloading 0 native plugins for Editor in 0.00 ms.
Unloading 1618 Unused Serialized files (Serialized files now loaded: 0)
System memory in use before: 78.1 MB.
System memory in use after: 78.2 MB.

Unloading 21 unused Assets to reduce memory usage. Loaded Objects now: 2111.
Total: 2.808400 ms (FindLiveObjects: 0.197500 ms CreateObjectMapping: 0.103100 ms MarkObjects: 2.412700 ms  DeleteObjects: 0.093800 ms)

AssetImportParameters requested are different than current active one (requested -> active):
  custom:framework-win-MediaFoundation: 216162199b28c13a410421893ffa2e32 -> 
  custom:video-decoder-ogg-theora: a1e56fd34408186e4bbccfd4996cb3dc -> 
  custom:container-muxer-webm: aa71ff27fc2769a1b78a27578f13a17b -> 
  custom:container-demuxer-webm: 4f35f7cbe854078d1ac9338744f61a02 -> 
  custom:container-demuxer-ogg: 62fdf1f143b41e24485cea50d1cbac27 -> 
  custom:video-encoder-webm-vp8: eb34c28f22e8b96e1ab97ce403110664 -> 
  custom:video-decoder-webm-vp8: 9c59270c3fd7afecdb556c50c9e8de78 -> 
  custom:graphics/normal-map-encoding: 01000000000000000000000000000000 -> 02000000000000000000000000000000
  custom:audio-decoder-ogg-vorbis: bf7c407c2cedff20999df2af8eb42d56 -> 
  custom:audio-encoder-webm-vorbis: bf7c407c2cedff20999df2af8eb42d56 -> 
AssetImportWorkerClient::OnTransportError - code=2 error=End of file
